2024-06-02 16:55:38,794	[INFO]	(client.py:162)_bot_login	[botpy] 登录机器人账号中...
2024-06-02 16:55:39,294	[INFO]	(robot.py:65)update_access_token	[botpy] access_token expires_in 6933
2024-06-02 16:55:39,560	[ERROR]	(http.py:76)_handle_response	[botpy] 接口请求异常，请求连接: https://api.sgroup.qq.com/users/@me, 错误代码: 401, 返回内容: {'message': '接口访问源IP不在白名单', 'code': 11298, 'err_code': 40023002, 'trace_id': '9a6dcf92a214b76c5b685adc8959819b'}, trace_id:9a6dcf92a214b76c5b685adc8959819b
2024-06-02 17:04:11,849	[INFO]	(client.py:162)_bot_login	[botpy] 登录机器人账号中...
2024-06-02 17:04:12,318	[INFO]	(robot.py:65)update_access_token	[botpy] access_token expires_in 6420
2024-06-02 17:04:12,474	[ERROR]	(http.py:76)_handle_response	[botpy] 接口请求异常，请求连接: https://api.sgroup.qq.com/users/@me, 错误代码: 401, 返回内容: {'message': '接口访问源IP不在白名单', 'code': 11298, 'err_code': 40023002, 'trace_id': '7b8846e47ceff2e3f2a76adb6d1f36af'}, trace_id:7b8846e47ceff2e3f2a76adb6d1f36af
2024-06-02 17:19:37,100	[INFO]	(client.py:162)_bot_login	[botpy] 登录机器人账号中...
2024-06-02 17:19:37,633	[INFO]	(robot.py:65)update_access_token	[botpy] access_token expires_in 5495
2024-06-02 17:19:38,118	[INFO]	(client.py:181)_bot_init	[botpy] 程序启动...
2024-06-02 17:19:38,133	[INFO]	(connection.py:60)multi_run	[botpy] 最大并发连接数: 1, 启动会话数: 1
2024-06-02 17:19:38,133	[INFO]	(client.py:242)bot_connect	[botpy] 会话启动中...
2024-06-02 17:19:38,149	[INFO]	(gateway.py:115)ws_connect	[botpy] 启动中...
2024-06-02 17:19:38,289	[INFO]	(gateway.py:142)ws_identify	[botpy] 鉴权中...
2024-06-02 17:19:38,399	[INFO]	(gateway.py:85)on_message	[botpy] 机器人「沧海-测试中」启动成功！
2024-06-02 17:19:38,415	[INFO]	(gateway.py:223)_send_heart	[botpy] 心跳维持启动...
2024-06-02 17:20:02,034	[INFO]	(qqbot.py:14)on_at_message_create	https://qqchannel-profile-1251316161.file.myqcloud.com/1711176515ecdb4552d3b8a143?t=1711176516
2024-06-02 17:20:02,049	[INFO]	(qqbot.py:17)on_at_message_create	动车（哎嘿嘿嘿鸡汤来咯）
2024-06-02 17:20:18,189	[INFO]	(client.py:162)_bot_login	[botpy] 登录机器人账号中...
2024-06-02 17:20:18,689	[INFO]	(robot.py:65)update_access_token	[botpy] access_token expires_in 5453
2024-06-02 17:20:19,205	[INFO]	(client.py:181)_bot_init	[botpy] 程序启动...
2024-06-02 17:20:19,205	[INFO]	(connection.py:60)multi_run	[botpy] 最大并发连接数: 1, 启动会话数: 1
2024-06-02 17:20:19,205	[INFO]	(client.py:242)bot_connect	[botpy] 会话启动中...
2024-06-02 17:20:19,220	[INFO]	(gateway.py:115)ws_connect	[botpy] 启动中...
2024-06-02 17:20:19,330	[INFO]	(gateway.py:142)ws_identify	[botpy] 鉴权中...
2024-06-02 17:20:19,424	[INFO]	(gateway.py:85)on_message	[botpy] 机器人「沧海-测试中」启动成功！
2024-06-02 17:20:19,455	[INFO]	(gateway.py:223)_send_heart	[botpy] 心跳维持启动...
2024-06-02 17:20:38,049	[INFO]	(qqbot.py:14)on_at_message_create	https://qqchannel-profile-1251316161.file.myqcloud.com/1711176515ecdb4552d3b8a143?t=1711176516
2024-06-02 17:20:38,118	[INFO]	(qqbot.py:17)on_at_message_create	动车（哎嘿嘿嘿鸡汤来咯）
2024-06-02 17:37:43,861	[INFO]	(qqbot.py:14)on_at_message_create	https://qqchannel-profile-1251316161.file.myqcloud.com/1711176515ecdb4552d3b8a143?t=1711176516
2024-06-02 17:37:43,921	[INFO]	(qqbot.py:17)on_at_message_create	动车（哎嘿嘿嘿鸡汤来咯）
